<?xml version="1.0" encoding="UTF-8"?>
<!-- Generated by org.testng.reporters.JUnitXMLReporter -->
<testsuite ignored="6" hostname="DESKTOP-RA01EM1" failures="0" tests="4" name="Test" time="43.77" errors="0" timestamp="2023-05-14T12:11:35 IST">
  <testcase classname="Testcases.registertest" name="register" time="3.798"/>
  <testcase classname="Testcases.logintest" name="validlogin" time="2.305"/>
  <testcase classname="Testcases.verifytab" name="verifytab" time="3.698"/>
  <testcase classname="Testcases.addcartverify" name="addcart1" time="5.236"/>
  <testcase classname="Resource.baseclass" name="@BeforeTest ExtentReport" time="0.0">
    <ignored/>
  </testcase> <!-- @BeforeTest ExtentReport -->
  <testcase classname="Resource.baseclass" name="@BeforeTest ExtentReport" time="0.0">
    <ignored/>
  </testcase> <!-- @BeforeTest ExtentReport -->
  <testcase classname="Resource.baseclass" name="@BeforeTest ExtentReport" time="0.0">
    <ignored/>
  </testcase> <!-- @BeforeTest ExtentReport -->
  <testcase classname="Resource.baseclass" name="@AfterTest endReport" time="0.0">
    <ignored/>
  </testcase> <!-- @AfterTest endReport -->
  <testcase classname="Resource.baseclass" name="@AfterTest endReport" time="0.0">
    <ignored/>
  </testcase> <!-- @AfterTest endReport -->
  <testcase classname="Resource.baseclass" name="@AfterTest endReport" time="0.0">
    <ignored/>
  </testcase> <!-- @AfterTest endReport -->
</testsuite> <!-- Test -->
