<?xml version="1.0" encoding="UTF-8"?>
<testng-results ignored="6" total="10" passed="4" failed="0" skipped="0">
  <reporter-output>
  </reporter-output>
  <suite started-at="2023-05-14T12:10:51 IST" name="Suite" finished-at="2023-05-14T12:11:35 IST" duration-ms="43770">
    <groups>
    </groups>
    <test started-at="2023-05-14T12:10:51 IST" name="Test" finished-at="2023-05-14T12:11:35 IST" duration-ms="43770">
      <class name="Testcases.verifytab">
        <test-method is-config="true" signature="launchbrowser()[pri:0, instance:Testcases.verifytab@1189dd52]" started-at="2023-05-14T12:11:14 IST" name="launchbrowser" finished-at="2023-05-14T12:11:19 IST" duration-ms="5465" status="PASS">
          <reporter-output>
          </reporter-output>
        </test-method> <!-- launchbrowser -->
        <test-method signature="verifytab()[pri:0, instance:Testcases.verifytab@1189dd52]" started-at="2023-05-14T12:11:19 IST" name="verifytab" finished-at="2023-05-14T12:11:23 IST" duration-ms="3698" status="PASS">
          <reporter-output>
          </reporter-output>
        </test-method> <!-- verifytab -->
        <test-method is-config="true" signature="quit()[pri:0, instance:Testcases.verifytab@1189dd52]" started-at="2023-05-14T12:11:23 IST" name="quit" finished-at="2023-05-14T12:11:23 IST" duration-ms="542" status="PASS">
          <reporter-output>
          </reporter-output>
        </test-method> <!-- quit -->
      </class> <!-- Testcases.verifytab -->
      <class name="Testcases.registertest">
        <test-method is-config="true" signature="ExtentReport()[pri:0, instance:Testcases.registertest@595b007d]" started-at="2023-05-14T12:10:51 IST" name="ExtentReport" finished-at="2023-05-14T12:10:52 IST" duration-ms="804" status="PASS">
          <reporter-output>
          </reporter-output>
        </test-method> <!-- ExtentReport -->
        <test-method is-config="true" signature="launchbrowser()[pri:0, instance:Testcases.registertest@595b007d]" started-at="2023-05-14T12:10:52 IST" name="launchbrowser" finished-at="2023-05-14T12:11:01 IST" duration-ms="8648" status="PASS">
          <reporter-output>
          </reporter-output>
        </test-method> <!-- launchbrowser -->
        <test-method signature="register()[pri:0, instance:Testcases.registertest@595b007d]" started-at="2023-05-14T12:11:01 IST" name="register" finished-at="2023-05-14T12:11:05 IST" duration-ms="3798" status="PASS">
          <reporter-output>
          </reporter-output>
        </test-method> <!-- register -->
        <test-method is-config="true" signature="quit()[pri:0, instance:Testcases.registertest@595b007d]" started-at="2023-05-14T12:11:05 IST" name="quit" finished-at="2023-05-14T12:11:05 IST" duration-ms="576" status="PASS">
          <reporter-output>
          </reporter-output>
        </test-method> <!-- quit -->
        <test-method is-config="true" signature="endReport()[pri:0, instance:Testcases.registertest@595b007d]" started-at="2023-05-14T12:11:34 IST" name="endReport" finished-at="2023-05-14T12:11:35 IST" duration-ms="850" status="PASS">
          <reporter-output>
          </reporter-output>
        </test-method> <!-- endReport -->
      </class> <!-- Testcases.registertest -->
      <class name="Testcases.logintest">
        <test-method is-config="true" signature="launchbrowser()[pri:0, instance:Testcases.logintest@7e07db1f]" started-at="2023-05-14T12:11:05 IST" name="launchbrowser" finished-at="2023-05-14T12:11:11 IST" duration-ms="5360" status="PASS">
          <reporter-output>
          </reporter-output>
        </test-method> <!-- launchbrowser -->
        <test-method signature="validlogin()[pri:0, instance:Testcases.logintest@7e07db1f]" started-at="2023-05-14T12:11:11 IST" name="validlogin" finished-at="2023-05-14T12:11:13 IST" duration-ms="2305" status="PASS">
          <reporter-output>
          </reporter-output>
        </test-method> <!-- validlogin -->
        <test-method is-config="true" signature="quit()[pri:0, instance:Testcases.logintest@7e07db1f]" started-at="2023-05-14T12:11:13 IST" name="quit" finished-at="2023-05-14T12:11:14 IST" duration-ms="531" status="PASS">
          <reporter-output>
          </reporter-output>
        </test-method> <!-- quit -->
      </class> <!-- Testcases.logintest -->
      <class name="Testcases.addcartverify">
        <test-method is-config="true" signature="launchbrowser()[pri:0, instance:Testcases.addcartverify@36bc55de]" started-at="2023-05-14T12:11:23 IST" name="launchbrowser" finished-at="2023-05-14T12:11:29 IST" duration-ms="5323" status="PASS">
          <reporter-output>
          </reporter-output>
        </test-method> <!-- launchbrowser -->
        <test-method signature="addcart1()[pri:0, instance:Testcases.addcartverify@36bc55de]" started-at="2023-05-14T12:11:29 IST" name="addcart1" finished-at="2023-05-14T12:11:34 IST" duration-ms="5236" status="PASS">
          <reporter-output>
          </reporter-output>
        </test-method> <!-- addcart1 -->
        <test-method is-config="true" signature="quit()[pri:0, instance:Testcases.addcartverify@36bc55de]" started-at="2023-05-14T12:11:34 IST" name="quit" finished-at="2023-05-14T12:11:34 IST" duration-ms="499" status="PASS">
          <reporter-output>
          </reporter-output>
        </test-method> <!-- quit -->
      </class> <!-- Testcases.addcartverify -->
    </test> <!-- Test -->
  </suite> <!-- Suite -->
</testng-results>
